0 info it worked if it ends with ok
1 verbose cli [ 'D:\\nodejs\\node.exe',
1 verbose cli   'D:\\nodejs\\node_modules\\npm\\bin\\npm-cli.js',
1 verbose cli   'publish' ]
2 info using npm@2.14.7
3 info using node@v4.2.1
4 verbose publish [ '.' ]
5 silly cache add args [ '.', null ]
6 verbose cache add spec .
7 silly cache add parsed spec Result {
7 silly cache add   raw: '.',
7 silly cache add   scope: null,
7 silly cache add   name: null,
7 silly cache add   rawSpec: '.',
7 silly cache add   spec: 'E:\\zan\\coding\\panli\\ibanner',
7 silly cache add   type: 'directory' }
8 verbose addLocalDirectory C:\Users\Administrator\AppData\Roaming\npm-cache\ibanner\0.0.1\package.tgz not in flight; packing
9 verbose tar pack [ 'C:\\Users\\Administrator\\AppData\\Roaming\\npm-cache\\ibanner\\0.0.1\\package.tgz',
9 verbose tar pack   'E:\\zan\\coding\\panli\\ibanner' ]
10 verbose tarball C:\Users\Administrator\AppData\Roaming\npm-cache\ibanner\0.0.1\package.tgz
11 verbose folder E:\zan\coding\panli\ibanner
12 info prepublish ibanner@0.0.1
13 verbose addLocalTarball adding from inside cache C:\Users\Administrator\AppData\Roaming\npm-cache\ibanner\0.0.1\package.tgz
14 silly cache afterAdd ibanner@0.0.1
15 verbose afterAdd C:\Users\Administrator\AppData\Roaming\npm-cache\ibanner\0.0.1\package\package.json not in flight; writing
16 verbose afterAdd C:\Users\Administrator\AppData\Roaming\npm-cache\ibanner\0.0.1\package\package.json written
17 silly publish { name: 'ibanner',
17 silly publish   version: '0.0.1',
17 silly publish   description: 'banner,js',
17 silly publish   main: 'gulpfile.js',
17 silly publish   dependencies:
17 silly publish    { bower: '^1.7.1',
17 silly publish      'browser-sync': '^2.10.0',
17 silly publish      gulp: '^3.9.0',
17 silly publish      'gulp-autoprefixer': '^3.1.0',
17 silly publish      'gulp-browserify': '^0.5.1',
17 silly publish      'gulp-concat': '^2.6.0',
17 silly publish      'gulp-connect': '^2.2.0',
17 silly publish      'gulp-livereload': '^3.8.1',
17 silly publish      'gulp-minify-css': '^1.2.1',
17 silly publish      'gulp-notify': '^2.2.0',
17 silly publish      'gulp-rename': '^1.2.2',
17 silly publish      'gulp-sass': '^2.1.1',
17 silly publish      'gulp-uglify': '^1.5.1',
17 silly publish      'gulp-zip': '^3.0.2' },
17 silly publish   devDependencies: {},
17 silly publish   scripts: { start: 'gulp' },
17 silly publish   repository: { type: 'git', url: 'git+https://github.com/zanjs/ibanner.git' },
17 silly publish   keywords: [ 'banner', 'js' ],
17 silly publish   author: { name: 'zan' },
17 silly publish   license: 'ISC',
17 silly publish   bugs: { url: 'https://github.com/zanjs/ibanner/issues' },
17 silly publish   homepage: 'https://github.com/zanjs/ibanner#readme',
17 silly publish   readme: '\n\n### ibanner ###\n>v.0.0.1\n\nTouch enabled jQuery plugin that lets you create beautiful responsive ibanner slider.\n[Visit Owl ibanner landing page](http://zanjs.com/ibanner)\n\n###Features:\n* Responsive\n* Touch Events\n* Mouse Slide Events\n* Fully Customizable\n* Choose the number of items to be displayed\n* Multiple Sliders\n* CSS3 3d Transitions\n* Custimizable controls\n* JSON \n* Custom events\n* Helpful callbacks\n\n> Tested on IE7, IE8, IE9, IE10, Chrome, Safari, Firefox, Opera, iPhone, iPad, Chrom on Google Nexus.\n\n\n### More Demos\nSee what Owl can do:\n* [With auto scaling images](http://zanjs.com/ibanner/demos/images.html)\n* [Full Width](http://zanjs.com/ibanner/demos/full.html)\n* [Custom Widths](http://zanjs.com/ibanner/demos/custom.html)\n* [One Item](http://zanjs.com/ibanner/demos/one.html)\n* [More demos](http://zanjs.com/ibanner/#more-demos)\n\n### 1.Getting Started\nLoad jQuery(1.7+) and include Owl ibanner plugin files\n\n```html\n<!-- Basic stylesheet -->\n<link rel="stylesheet" href="owl-ibanner/owl.ibanner.css">\n \n <!-- Default Theme -->\n<link rel="stylesheet" href="owl-ibanner/owl.theme.css">\n \n<!-- Include js plugin -->\n<script src="owl-ibanner/owl.ibanner.js"></script>\n```\n### 2.Set up your HTML\nYou don\'t need any special markup. All you need is to wrap your divs inside the container element <div class="owl-ibanner">. Class "owl-ibanner" is mandatory to apply proper styles that come from owl.ibanner.css file.\n\n```html\n<div class="owl-ibanner">\n  <div> Your Content </div>\n  <div> Your Content </div>\n  <div> Your Content </div>\n  <div> Your Content </div>\n  <div> Your Content </div>\n  <div> Your Content </div>\n  <div> Your Content </div>\n  ...\n</div>\n```\n### 3.Call the plugin\nNow call the Owl initializer function and your ibanner is ready.\n\n```html\n$(".owl-ibanner").ibanner();\n```\n### 4. For more details visit [ibanner landing page](http://zanjs.com/ibanner)\n\n\n\n\nLicense\n------------\nThe MIT License (MIT)\n',
17 silly publish   readmeFilename: 'README.md',
17 silly publish   gitHead: '645db50d2261d7f7053a2782070aadadb857f66f',
17 silly publish   _id: 'ibanner@0.0.1',
17 silly publish   _shasum: '07ef2c64e5ce674334b2a2514081fbfadd8e1038',
17 silly publish   _from: '.' }
18 verbose getPublishConfig undefined
19 silly mapToRegistry name ibanner
20 silly mapToRegistry using default registry
21 silly mapToRegistry registry https://registry.npmjs.org/
22 silly mapToRegistry uri https://registry.npmjs.org/ibanner
23 verbose publish registryBase https://registry.npmjs.org/
24 silly publish uploading C:\Users\Administrator\AppData\Roaming\npm-cache\ibanner\0.0.1\package.tgz
25 verbose request uri https://registry.npmjs.org/ibanner
26 verbose request sending authorization for write operation
27 info attempt registry request try #1 at 13:42:02
28 verbose request using bearer token for auth
29 verbose request id 9d0831b58d79a64e
30 http request PUT https://registry.npmjs.org/ibanner
31 info retry will retry, error on last attempt: Error: socket hang up
32 info attempt registry request try #2 at 13:42:27
33 verbose request using bearer token for auth
34 http request PUT https://registry.npmjs.org/ibanner
35 info retry will retry, error on last attempt: Error: socket hang up
36 info attempt registry request try #3 at 13:43:39
37 verbose request using bearer token for auth
38 http request PUT https://registry.npmjs.org/ibanner
39 verbose request invalidating C:\Users\Administrator\AppData\Roaming\npm-cache\registry.npmjs.org\ibanner on PUT
40 error publish Failed PUT undefined
41 verbose stack Error: read ECONNRESET
41 verbose stack     at exports._errnoException (util.js:874:11)
41 verbose stack     at TLSWrap.onread (net.js:544:26)
42 verbose cwd E:\zan\coding\panli\ibanner
43 error Windows_NT 6.1.7601
44 error argv "D:\\nodejs\\node.exe" "D:\\nodejs\\node_modules\\npm\\bin\\npm-cli.js" "publish"
45 error node v4.2.1
46 error npm  v2.14.7
47 error code ECONNRESET
48 error errno ECONNRESET
49 error syscall read
50 error network read ECONNRESET
50 error network This is most likely not a problem with npm itself
50 error network and is related to network connectivity.
50 error network In most cases you are behind a proxy or have bad network settings.
50 error network
50 error network If you are behind a proxy, please make sure that the
50 error network 'proxy' config is set properly.  See: 'npm help config'
51 verbose exit [ 1, true ]
